{
  "RSpec": {
    "coverage": {
      "/home/amidasd/rubygarage/Rake/CodebreakerRake/dependency.rb": [
        null,
        1,
        1,
        null,
        1,
        null,
        3,
        null,
        1,
        1,
        1
      ],
      "/home/amidasd/rubygarage/Rake/CodebreakerRake/app/initialize/i18n.rb": [
        1,
        1,
        1
      ],
      "/home/amidasd/rubygarage/Rake/CodebreakerRake/app/codebreakerRake.rb": [
        1,
        null,
        1,
        null,
        1,
        null,
        null,
        null,
        null,
        null,
        null,
        null,
        null,
        null,
        null,
        null,
        null,
        1,
        31,
        null,
        null,
        1,
        31,
        null,
        null,
        1,
        31,
        1,
        null,
        null,
        1,
        null,
        1,
        3,
        null,
        3,
        null,
        null,
        1,
        2,
        2,
        2,
        null,
        null,
        1,
        3,
        null,
        null,
        1,
        2,
        null,
        null,
        1,
        4,
        null,
        null,
        1,
        4,
        3,
        2,
        null,
        null,
        1,
        2,
        null,
        null,
        1,
        5,
        null,
        null,
        1,
        5,
        null,
        4,
        null,
        null,
        1,
        null,
        2,
        2,
        2,
        2,
        2,
        2,
        null,
        null,
        1,
        2,
        null,
        null,
        null,
        null,
        null,
        null,
        1,
        3,
        null,
        2,
        null,
        2,
        1,
        1,
        null,
        null,
        1,
        3,
        null,
        null,
        1,
        3,
        null,
        null,
        1,
        3,
        null,
        2,
        null,
        null,
        1,
        3,
        null,
        2,
        null,
        null,
        1,
        1,
        1,
        1,
        null,
        null,
        1,
        2,
        1,
        1,
        1,
        null,
        null,
        null,
        1,
        10,
        10,
        null,
        null,
        1,
        40,
        null,
        null
      ]
    },
    "timestamp": 1566540075
  }
}
